Performing C SOURCE FILE Test CMAKE_HAVE_LIBC_PTHREAD failed with the following output:
Change Dir: /home/dennisyakovlev/plan2/build/CMakeFiles/CMakeScratch/TryCompile-Oa0qtV

Run Build Command(s):/usr/bin/make -f Makefile cmTC_5c003/fast && /usr/bin/make  -f CMakeFiles/cmTC_5c003.dir/build.make CMakeFiles/cmTC_5c003.dir/build
make[1]: Entering directory '/home/dennisyakovlev/plan2/build/CMakeFiles/CMakeScratch/TryCompile-Oa0qtV'
Building C object CMakeFiles/cmTC_5c003.dir/src.c.o
/usr/bin/cc -DCMAKE_HAVE_LIBC_PTHREAD   -o CMakeFiles/cmTC_5c003.dir/src.c.o -c /home/dennisyakovlev/plan2/build/CMakeFiles/CMakeScratch/TryCompile-Oa0qtV/src.c
Linking C executable cmTC_5c003
/snap/cmake/1210/bin/cmake -E cmake_link_script CMakeFiles/cmTC_5c003.dir/link.txt --verbose=1
/usr/bin/cc CMakeFiles/cmTC_5c003.dir/src.c.o -o cmTC_5c003 
/usr/bin/ld: CMakeFiles/cmTC_5c003.dir/src.c.o: in function `main':
src.c:(.text+0x46): undefined reference to `pthread_create'
/usr/bin/ld: src.c:(.text+0x52): undefined reference to `pthread_detach'
/usr/bin/ld: src.c:(.text+0x5e): undefined reference to `pthread_cancel'
/usr/bin/ld: src.c:(.text+0x6f): undefined reference to `pthread_join'
collect2: error: ld returned 1 exit status
make[1]: *** [CMakeFiles/cmTC_5c003.dir/build.make:99: cmTC_5c003] Error 1
make[1]: Leaving directory '/home/dennisyakovlev/plan2/build/CMakeFiles/CMakeScratch/TryCompile-Oa0qtV'
make: *** [Makefile:127: cmTC_5c003/fast] Error 2


Source file was:
#include <pthread.h>

static void* test_func(void* data)
{
  return data;
}

int main(void)
{
  pthread_t thread;
  pthread_create(&thread, NULL, test_func, NULL);
  pthread_detach(thread);
  pthread_cancel(thread);
  pthread_join(thread, NULL);
  pthread_atfork(NULL, NULL, NULL);
  pthread_exit(NULL);

  return 0;
}


Determining if the function pthread_create exists in the pthreads failed with the following output:
Change Dir: /home/dennisyakovlev/plan2/build/CMakeFiles/CMakeScratch/TryCompile-TXRIVU

Run Build Command(s):/usr/bin/make -f Makefile cmTC_6d0b7/fast && /usr/bin/make  -f CMakeFiles/cmTC_6d0b7.dir/build.make CMakeFiles/cmTC_6d0b7.dir/build
make[1]: Entering directory '/home/dennisyakovlev/plan2/build/CMakeFiles/CMakeScratch/TryCompile-TXRIVU'
Building C object CMakeFiles/cmTC_6d0b7.dir/CheckFunctionExists.c.o
/usr/bin/cc   -DCHECK_FUNCTION_EXISTS=pthread_create -o CMakeFiles/cmTC_6d0b7.dir/CheckFunctionExists.c.o -c /home/dennisyakovlev/plan2/build/CMakeFiles/CMakeScratch/TryCompile-TXRIVU/CheckFunctionExists.c
Linking C executable cmTC_6d0b7
/snap/cmake/1210/bin/cmake -E cmake_link_script CMakeFiles/cmTC_6d0b7.dir/link.txt --verbose=1
/usr/bin/cc  -DCHECK_FUNCTION_EXISTS=pthread_create CMakeFiles/cmTC_6d0b7.dir/CheckFunctionExists.c.o -o cmTC_6d0b7  -lpthreads 
/usr/bin/ld: cannot find -lpthreads
collect2: error: ld returned 1 exit status
make[1]: *** [CMakeFiles/cmTC_6d0b7.dir/build.make:99: cmTC_6d0b7] Error 1
make[1]: Leaving directory '/home/dennisyakovlev/plan2/build/CMakeFiles/CMakeScratch/TryCompile-TXRIVU'
make: *** [Makefile:127: cmTC_6d0b7/fast] Error 2



